TN:
SF:serviceCallbackFunction/serviceCallbackFunction.js
FN:27,serviceCallbackFunction
FN:57,(anonymous_1)
FN:99,(anonymous_2)
FN:110,(anonymous_3)
FN:122,(anonymous_4)
FN:125,(anonymous_5)
FN:134,(anonymous_6)
FN:154,(anonymous_7)
FN:178,sendMessage
FN:185,(anonymous_9)
FN:188,(anonymous_10)
FN:190,(anonymous_11)
FNF:12
FNH:8
FNDA:14,serviceCallbackFunction
FNDA:13,(anonymous_1)
FNDA:10,(anonymous_2)
FNDA:10,(anonymous_3)
FNDA:0,(anonymous_4)
FNDA:0,(anonymous_5)
FNDA:0,(anonymous_6)
FNDA:13,(anonymous_7)
FNDA:8,sendMessage
FNDA:8,(anonymous_9)
FNDA:0,(anonymous_10)
FNDA:8,(anonymous_11)
DA:1,1
DA:2,1
DA:3,1
DA:4,1
DA:5,1
DA:7,1
DA:8,1
DA:9,1
DA:10,1
DA:11,1
DA:13,1
DA:14,1
DA:15,1
DA:17,1
DA:18,1
DA:19,1
DA:20,1
DA:21,1
DA:22,1
DA:23,1
DA:25,1
DA:27,1
DA:28,14
DA:29,14
DA:30,14
DA:31,14
DA:32,14
DA:33,1
DA:40,13
DA:42,13
DA:43,13
DA:59,13
DA:60,13
DA:61,13
DA:67,13
DA:69,13
DA:70,13
DA:71,13
DA:72,13
DA:79,14
DA:80,13
DA:84,13
DA:85,13
DA:86,10
DA:87,10
DA:89,10
DA:90,10
DA:95,10
DA:100,10
DA:101,10
DA:111,10
DA:112,10
DA:113,2
DA:115,8
DA:116,8
DA:117,4
DA:119,8
DA:120,0
DA:121,0
DA:123,0
DA:126,0
DA:129,8
DA:130,8
DA:135,0
DA:138,3
DA:139,3
DA:142,1
DA:144,13
DA:145,13
DA:150,14
DA:151,14
DA:154,1
DA:155,13
DA:156,1
DA:157,1
DA:159,12
DA:161,12
DA:162,1
DA:163,1
DA:165,11
DA:166,11
DA:167,1
DA:168,1
DA:169,1
DA:170,1
DA:173,10
DA:174,10
DA:179,8
DA:180,8
DA:181,8
DA:182,8
DA:183,8
DA:184,8
DA:186,8
DA:189,0
DA:191,8
DA:192,8
LF:97
LH:91
BRDA:32,0,0,1
BRDA:32,0,1,13
BRDA:85,1,0,10
BRDA:85,1,1,3
BRDA:112,2,0,2
BRDA:112,2,1,8
BRDA:112,3,0,10
BRDA:112,3,1,10
BRDA:112,3,2,10
BRDA:116,4,0,4
BRDA:116,4,1,4
BRDA:119,5,0,0
BRDA:119,5,1,8
BRDA:144,6,0,13
BRDA:144,6,1,0
BRDA:155,7,0,1
BRDA:155,7,1,12
BRDA:161,8,0,1
BRDA:161,8,1,11
BRDA:166,9,0,1
BRDA:166,9,1,10
BRDA:168,10,0,1
BRDA:168,10,1,0
BRF:23
BRH:20
end_of_record
