TN:
SF:serviceCallbackFunction/serviceCallbackFunction.js
FN:27,serviceCallbackFunction
FN:78,(anonymous_1)
FN:121,(anonymous_2)
FN:132,(anonymous_3)
FN:144,(anonymous_4)
FN:147,(anonymous_5)
FN:156,(anonymous_6)
FN:176,(anonymous_7)
FN:200,sendMessage
FN:207,(anonymous_9)
FN:210,(anonymous_10)
FN:212,(anonymous_11)
FNF:12
FNH:8
FNDA:14,serviceCallbackFunction
FNDA:13,(anonymous_1)
FNDA:10,(anonymous_2)
FNDA:10,(anonymous_3)
FNDA:0,(anonymous_4)
FNDA:0,(anonymous_5)
FNDA:0,(anonymous_6)
FNDA:13,(anonymous_7)
FNDA:8,sendMessage
FNDA:8,(anonymous_9)
FNDA:0,(anonymous_10)
FNDA:8,(anonymous_11)
DA:1,1
DA:2,1
DA:3,1
DA:4,1
DA:5,1
DA:7,1
DA:8,1
DA:9,1
DA:10,1
DA:11,1
DA:13,1
DA:14,1
DA:15,1
DA:17,1
DA:18,1
DA:19,1
DA:20,1
DA:21,1
DA:22,1
DA:23,1
DA:25,1
DA:27,1
DA:28,14
DA:29,14
DA:30,14
DA:31,14
DA:32,14
DA:33,1
DA:47,13
DA:63,13
DA:64,13
DA:80,13
DA:81,13
DA:82,13
DA:88,13
DA:90,13
DA:91,13
DA:92,13
DA:93,13
DA:94,13
DA:101,14
DA:102,13
DA:106,13
DA:107,13
DA:108,10
DA:109,10
DA:111,10
DA:112,10
DA:117,10
DA:122,10
DA:123,10
DA:133,10
DA:134,10
DA:135,2
DA:137,8
DA:138,8
DA:139,4
DA:141,8
DA:142,0
DA:143,0
DA:145,0
DA:148,0
DA:151,8
DA:152,8
DA:157,0
DA:160,3
DA:161,3
DA:164,1
DA:166,13
DA:167,13
DA:172,14
DA:173,14
DA:176,1
DA:177,13
DA:178,1
DA:179,1
DA:181,12
DA:183,12
DA:184,1
DA:185,1
DA:187,11
DA:188,11
DA:189,1
DA:190,1
DA:191,1
DA:192,1
DA:195,10
DA:196,10
DA:201,8
DA:202,8
DA:203,8
DA:204,8
DA:205,8
DA:206,8
DA:208,8
DA:211,0
DA:213,8
DA:214,8
LF:98
LH:92
BRDA:32,0,0,1
BRDA:32,0,1,13
BRDA:107,1,0,10
BRDA:107,1,1,3
BRDA:134,2,0,2
BRDA:134,2,1,8
BRDA:134,3,0,10
BRDA:134,3,1,10
BRDA:134,3,2,10
BRDA:138,4,0,4
BRDA:138,4,1,4
BRDA:141,5,0,0
BRDA:141,5,1,8
BRDA:166,6,0,13
BRDA:166,6,1,0
BRDA:177,7,0,1
BRDA:177,7,1,12
BRDA:183,8,0,1
BRDA:183,8,1,11
BRDA:188,9,0,1
BRDA:188,9,1,10
BRDA:190,10,0,1
BRDA:190,10,1,0
BRF:23
BRH:20
end_of_record
